/home/airsim/gym-airsim/environments.py:329: UserWarning: 'gym-eolic-position-aereo-rgb' is not a legal ROS base name. This may cause problems with other ROS tools.
  rospy.init_node(node)
Traceback (most recent call last):
  File "/home/airsim/.local/lib/python3.8/site-packages/gymnasium/envs/registration.py", line 802, in make
    env = env_creator(**env_spec_kwargs)
  File "/home/airsim/gym-airsim/environments.py", line 354, in __init__
    self._start_pose()
  File "/home/airsim/gym-airsim/environments.py", line 359, in _start_pose
    self.vehicle.set_start_pose(self.shadow['name'])
TypeError: 'Shadow' object is not subscriptable
During handling of the above exception, another exception occurred:
Traceback (most recent call last):
  File "exec.py", line 51, in <module>
    env = gym.make('gym-airsim/hybrid-position-nbv', ip=ip, config=env_config)
  File "/home/airsim/.local/lib/python3.8/site-packages/gymnasium/envs/registration.py", line 814, in make
    raise type(e)(
TypeError: 'Shadow' object is not subscriptable was raised from the environment creator for gym-airsim/hybrid-position-nbv with kwargs ({'ip': '172.18.0.3', 'config': {'vehicle': {'start_pose': [0, 0, 0, 0, 0, 0], 'camera': {'name': 'stereo', 'dim': (672, 376), 'fov': 90.0}, 'base_name': 'boat_vehicle', 'name': 'Hydrone', 'global_pose': [0, 0, 0, 0.0, 0.0, 0.0]}, 'shadow': {'start_pose': [0, 0, 0, 0, 0, 0], 'camera': {'name': 'shadow', 'dim': (672, 376), 'fov': 90.0}, 'base_name': 'boat_shadow', 'name': 'Shadow', 'global_pose': [0, -8053.1, 0, 0.0, 0.0, 0.0]}, 'domain': 'aereo', 'markers': {'name': 'Cube', 'num': 560, 'd': [2, 120]}, 'max_episode_steps': 500, 'space_observation_dim': 3, 'space_action_dim': 5, 'action_range': {'x': [-60, 60], 'y': [-155, 155], 'z': [-60, 60], 'yaw': [-45, 45], 'gimbal_pitch': [-45, 45]}, 'target_range': {'x': [50, 170], 'y': [50, 170]}, 'altitude_range': [9, 60], 'centroide': 'centroide', 'observation': 'rgb', 'name': 'eolic-position-aereo'}})
Traceback (most recent call last):
  File "/home/airsim/.local/lib/python3.8/site-packages/gymnasium/envs/registration.py", line 802, in make
    env = env_creator(**env_spec_kwargs)
  File "/home/airsim/gym-airsim/environments.py", line 354, in __init__
    self._start_pose()
  File "/home/airsim/gym-airsim/environments.py", line 359, in _start_pose
    self.vehicle.set_start_pose(self.shadow['name'])
TypeError: 'Shadow' object is not subscriptable
During handling of the above exception, another exception occurred:
Traceback (most recent call last):
  File "exec.py", line 51, in <module>
    env = gym.make('gym-airsim/hybrid-position-nbv', ip=ip, config=env_config)
  File "/home/airsim/.local/lib/python3.8/site-packages/gymnasium/envs/registration.py", line 814, in make
    raise type(e)(
TypeError: 'Shadow' object is not subscriptable was raised from the environment creator for gym-airsim/hybrid-position-nbv with kwargs ({'ip': '172.18.0.3', 'config': {'vehicle': {'start_pose': [0, 0, 0, 0, 0, 0], 'camera': {'name': 'stereo', 'dim': (672, 376), 'fov': 90.0}, 'base_name': 'boat_vehicle', 'name': 'Hydrone', 'global_pose': [0, 0, 0, 0.0, 0.0, 0.0]}, 'shadow': {'start_pose': [0, 0, 0, 0, 0, 0], 'camera': {'name': 'shadow', 'dim': (672, 376), 'fov': 90.0}, 'base_name': 'boat_shadow', 'name': 'Shadow', 'global_pose': [0, -8053.1, 0, 0.0, 0.0, 0.0]}, 'domain': 'aereo', 'markers': {'name': 'Cube', 'num': 560, 'd': [2, 120]}, 'max_episode_steps': 500, 'space_observation_dim': 3, 'space_action_dim': 5, 'action_range': {'x': [-60, 60], 'y': [-155, 155], 'z': [-60, 60], 'yaw': [-45, 45], 'gimbal_pitch': [-45, 45]}, 'target_range': {'x': [50, 170], 'y': [50, 170]}, 'altitude_range': [9, 60], 'centroide': 'centroide', 'observation': 'rgb', 'name': 'eolic-position-aereo'}})
Connected!
Client Ver:1 (Min Req: 1), Server Ver:1 (Min Req: 1)
Connected!
Client Ver:1 (Min Req: 1), Server Ver:1 (Min Req: 1)